2024-09-11 15:47:00,634 DEBUG    root            Loaded Command Group: ['gcloud', 'auth']
2024-09-11 15:47:00,666 DEBUG    root            Loaded Command Group: ['gcloud', 'auth', 'login']
2024-09-11 15:47:00,666 DEBUG    root            Running [gcloud.auth.login] with arguments: []
2024-09-11 15:47:00,725 DEBUG    requests_oauthlib.oauth2_session Generated new state mtCByYQDqYjnJWTaUDvY24tUzXhxAw.
2024-09-11 15:47:00,818 INFO     ___FILE_ONLY___ Your browser has been opened to visit:

    https://accounts.google.com/o/oauth2/auth?response_type=code&client_id=32555940559.apps.googleusercontent.com&redirect_uri=http%3A%2F%2Flocalhost%3A8085%2F&scope=openid+https%3A%2F%2Fwww.googleapis.com%2Fauth%2Fuserinfo.email+https%3A%2F%2Fwww.googleapis.com%2Fauth%2Fcloud-platform+https%3A%2F%2Fwww.googleapis.com%2Fauth%2Fappengine.admin+https%3A%2F%2Fwww.googleapis.com%2Fauth%2Fsqlservice.login+https%3A%2F%2Fwww.googleapis.com%2Fauth%2Fcompute+https%3A%2F%2Fwww.googleapis.com%2Fauth%2Faccounts.reauth&state=mtCByYQDqYjnJWTaUDvY24tUzXhxAw&access_type=offline&code_challenge=TSafH2BdYuJSiVw6jhex_Vcm95Sz4lfLkrEpux_nDO4&code_challenge_method=S256


2024-09-11 15:47:08,334 INFO     google_auth_oauthlib.flow "GET /?state=mtCByYQDqYjnJWTaUDvY24tUzXhxAw&code=4/0AQlEd8zV7jG-uS5G5iZeDUEHaE49q4PAGS68_RLhJ4kUjz5Vf1asiXGWxx46ywlJRDwmOA&scope=email%20openid%20https://www.googleapis.com/auth/userinfo.email%20https://www.googleapis.com/auth/cloud-platform%20https://www.googleapis.com/auth/appengine.admin%20https://www.googleapis.com/auth/sqlservice.login%20https://www.googleapis.com/auth/compute%20https://www.googleapis.com/auth/accounts.reauth&authuser=0&hd=stxnext.pl&prompt=consent HTTP/1.1" 200 959
2024-09-11 15:47:08,335 DEBUG    requests_oauthlib.oauth2_session Requesting url https://oauth2.googleapis.com/token using method POST.
2024-09-11 15:47:08,335 DEBUG    requests_oauthlib.oauth2_session Supplying headers {b'Accept': b'application/json', b'Content-Type': b'application/x-www-form-urlencoded;charset=UTF-8', b'user-agent': b'google-cloud-sdk gcloud/490.0.0 command/gcloud.auth.login invocation-id/b48b95a596ad4d20b5f62746f79aad66 environment/None environment-version/None client-os/MACOSX client-os-ver/23.6.0 client-pltf-arch/arm interactive/True from-script/False python/3.11.8 term/tmux-256color (Macintosh; Intel Mac OS X 23.6.0)'} and data {'grant_type': 'authorization_code', 'client_id': '32555940559.apps.googleusercontent.com', 'client_secret': 'ZmssLNjJy2998hD4CTg2ejr2', 'code': '4/0AQlEd8zV7jG-uS5G5iZeDUEHaE49q4PAGS68_RLhJ4kUjz5Vf1asiXGWxx46ywlJRDwmOA', 'redirect_uri': 'http://localhost:8085/', 'code_verifier': 'f-0zQzF6X311kJT7aTzNTFz6Jou6YYSomTIPurWMXudOGc_7~lW5obQc1bRHBAJTVOsK5YliltLnyirxjN~HNzcpz8ZUnsHV.XyhwUuvgvCm2A14bQxz9NcGeseJFKIY'}
2024-09-11 15:47:08,335 DEBUG    requests_oauthlib.oauth2_session Passing through key word arguments {'json': None, 'timeout': None, 'auth': None, 'verify': None, 'proxies': None}.
2024-09-11 15:47:08,358 DEBUG    urllib3.connectionpool Starting new HTTPS connection (1): oauth2.googleapis.com:443
2024-09-11 15:47:08,502 DEBUG    urllib3.connectionpool https://oauth2.googleapis.com:443 "POST /token HTTP/1.1" 200 None
2024-09-11 15:47:08,504 DEBUG    requests_oauthlib.oauth2_session Prepared fetch token request body grant_type=authorization_code&client_id=32555940559.apps.googleusercontent.com&client_secret=ZmssLNjJy2998hD4CTg2ejr2&code=4%2F0AQlEd8zV7jG-uS5G5iZeDUEHaE49q4PAGS68_RLhJ4kUjz5Vf1asiXGWxx46ywlJRDwmOA&redirect_uri=http%3A%2F%2Flocalhost%3A8085%2F&code_verifier=f-0zQzF6X311kJT7aTzNTFz6Jou6YYSomTIPurWMXudOGc_7~lW5obQc1bRHBAJTVOsK5YliltLnyirxjN~HNzcpz8ZUnsHV.XyhwUuvgvCm2A14bQxz9NcGeseJFKIY
2024-09-11 15:47:08,504 DEBUG    requests_oauthlib.oauth2_session Request to fetch token completed with status 200.
2024-09-11 15:47:08,505 DEBUG    requests_oauthlib.oauth2_session Request headers were {'user-agent': b'google-cloud-sdk gcloud/490.0.0 command/gcloud.auth.login invocation-id/b48b95a596ad4d20b5f62746f79aad66 environment/None environment-version/None client-os/MACOSX client-os-ver/23.6.0 client-pltf-arch/arm interactive/True from-script/False python/3.11.8 term/tmux-256color (Macintosh; Intel Mac OS X 23.6.0)', 'Accept-Encoding': 'gzip, deflate', 'Accept': b'application/json', 'Connection': 'keep-alive', 'Content-Type': b'application/x-www-form-urlencoded;charset=UTF-8', 'Content-Length': '387'}
2024-09-11 15:47:08,505 DEBUG    requests_oauthlib.oauth2_session Request body was grant_type=authorization_code&client_id=32555940559.apps.googleusercontent.com&client_secret=ZmssLNjJy2998hD4CTg2ejr2&code=4%2F0AQlEd8zV7jG-uS5G5iZeDUEHaE49q4PAGS68_RLhJ4kUjz5Vf1asiXGWxx46ywlJRDwmOA&redirect_uri=http%3A%2F%2Flocalhost%3A8085%2F&code_verifier=f-0zQzF6X311kJT7aTzNTFz6Jou6YYSomTIPurWMXudOGc_7~lW5obQc1bRHBAJTVOsK5YliltLnyirxjN~HNzcpz8ZUnsHV.XyhwUuvgvCm2A14bQxz9NcGeseJFKIY
2024-09-11 15:47:08,505 DEBUG    requests_oauthlib.oauth2_session Response headers were {'Pragma': 'no-cache', 'Expires': 'Mon, 01 Jan 1990 00:00:00 GMT', 'Date': 'Wed, 11 Sep 2024 13:47:08 GMT', 'Cache-Control': 'no-cache, no-store, max-age=0, must-revalidate', 'Content-Type': 'application/json; charset=utf-8', 'Vary': 'Origin, X-Origin, Referer', 'Content-Encoding': 'gzip', 'Server': 'scaffolding on HTTPServer2', 'X-XSS-Protection': '0', 'X-Frame-Options': 'SAMEORIGIN', 'X-Content-Type-Options': 'nosniff', 'Alt-Svc': 'h3=":443"; ma=2592000,h3-29=":443"; ma=2592000', 'Transfer-Encoding': 'chunked'} and content {
  "access_token": "ya29.a0AcM612y7O6u7bsBjhGGNVvdgSuiS2-gx8EWVEgKb-q1SLaeU_ILW_xtP3jwfVsLOaqpef-WbornU5uwT-4vczbNihMPI9scl1Nwk0KT0V9GJf_nNzdUZRJWNtcRslp8YDsDA21ezVwHj31mU-eKZYN4x09u3-x1G0P2skIBrkpN8ywaCgYKAQcSARMSFQHGX2MiulSgflbqQ7y3KyFP9QNpYQ0181",
  "expires_in": 3599,
  "refresh_token": "1//090EE8wx_rMPRCgYIARAAGAkSNwF-L9IrnqVLHr3QPUewqAneDvgs8Z5m7lqz2tshiT_bahPX2v9CSdJWLsaqQplM6TPYDCpi7CQ",
  "scope": "https://www.googleapis.com/auth/accounts.reauth https://www.googleapis.com/auth/cloud-platform https://www.googleapis.com/auth/appengine.admin https://www.googleapis.com/auth/compute https://www.googleapis.com/auth/userinfo.email https://www.googleapis.com/auth/sqlservice.login openid",
  "token_type": "Bearer",
  "id_token": "eyJhbGciOiJSUzI1NiIsImtpZCI6ImQ3YjkzOTc3MWE3ODAwYzQxM2Y5MDA1MTAxMmQ5NzU5ODE5MTZkNzEiLCJ0eXAiOiJKV1QifQ.eyJpc3MiOiJodHRwczovL2FjY291bnRzLmdvb2dsZS5jb20iLCJhenAiOiIzMjU1NTk0MDU1OS5hcHBzLmdvb2dsZXVzZXJjb250ZW50LmNvbSIsImF1ZCI6IjMyNTU1OTQwNTU5LmFwcHMuZ29vZ2xldXNlcmNvbnRlbnQuY29tIiwic3ViIjoiMTAzNjM1OTk3MjkyNTA3NDA0MTcwIiwiaGQiOiJzdHhuZXh0LnBsIiwiZW1haWwiOiJ3b2pjaWVjaC5jaGFtc2tpQHN0eG5leHQucGwiLCJlbWFpbF92ZXJpZmllZCI6dHJ1ZSwiYXRfaGFzaCI6IjFuazYwWTdKMGk5MzROdVJFWW9sdmciLCJpYXQiOjE3MjYwNjI0MjgsImV4cCI6MTcyNjA2NjAyOH0.fDqxfKvban3Jtllg0-PsirP38VMyIGU6XQFNVXzlZcI_CQ8fa0Z0cjuIn6aBhY5k-uMigy_cUKLM9aMfkh0eBKBCTo4dZjqYVs1Nwnz7HjZ3XUdkuIcCPkANMiwxPpi84i5__Ld1LgY1ge5Q8XN_eoxaGti9VhKnAm3jEnlxoNL1vDKSdAKWcMgQz7jqxUBWA3NRoquRxBwHxevLK8pL7pejcrGcV__A0YOYvV2za0K9v-vxre2imeKixTCT6RjSKqpxR7s3BlSmw_h9iwhfiM1h7D8Hvc6sdq1QGtmDBcvbekvBGmvYG-GrmNkLz7g2jrq7R8KmWDLwhuVDPvGCzw"
}.
2024-09-11 15:47:08,505 DEBUG    requests_oauthlib.oauth2_session Invoking 0 token response hooks.
2024-09-11 15:47:08,505 DEBUG    requests_oauthlib.oauth2_session Obtained token {'access_token': 'ya29.a0AcM612y7O6u7bsBjhGGNVvdgSuiS2-gx8EWVEgKb-q1SLaeU_ILW_xtP3jwfVsLOaqpef-WbornU5uwT-4vczbNihMPI9scl1Nwk0KT0V9GJf_nNzdUZRJWNtcRslp8YDsDA21ezVwHj31mU-eKZYN4x09u3-x1G0P2skIBrkpN8ywaCgYKAQcSARMSFQHGX2MiulSgflbqQ7y3KyFP9QNpYQ0181', 'expires_in': 3599, 'refresh_token': '1//090EE8wx_rMPRCgYIARAAGAkSNwF-L9IrnqVLHr3QPUewqAneDvgs8Z5m7lqz2tshiT_bahPX2v9CSdJWLsaqQplM6TPYDCpi7CQ', 'scope': ['https://www.googleapis.com/auth/accounts.reauth', 'https://www.googleapis.com/auth/cloud-platform', 'https://www.googleapis.com/auth/appengine.admin', 'https://www.googleapis.com/auth/compute', 'https://www.googleapis.com/auth/userinfo.email', 'https://www.googleapis.com/auth/sqlservice.login', 'openid'], 'token_type': 'Bearer', 'id_token': 'eyJhbGciOiJSUzI1NiIsImtpZCI6ImQ3YjkzOTc3MWE3ODAwYzQxM2Y5MDA1MTAxMmQ5NzU5ODE5MTZkNzEiLCJ0eXAiOiJKV1QifQ.eyJpc3MiOiJodHRwczovL2FjY291bnRzLmdvb2dsZS5jb20iLCJhenAiOiIzMjU1NTk0MDU1OS5hcHBzLmdvb2dsZXVzZXJjb250ZW50LmNvbSIsImF1ZCI6IjMyNTU1OTQwNTU5LmFwcHMuZ29vZ2xldXNlcmNvbnRlbnQuY29tIiwic3ViIjoiMTAzNjM1OTk3MjkyNTA3NDA0MTcwIiwiaGQiOiJzdHhuZXh0LnBsIiwiZW1haWwiOiJ3b2pjaWVjaC5jaGFtc2tpQHN0eG5leHQucGwiLCJlbWFpbF92ZXJpZmllZCI6dHJ1ZSwiYXRfaGFzaCI6IjFuazYwWTdKMGk5MzROdVJFWW9sdmciLCJpYXQiOjE3MjYwNjI0MjgsImV4cCI6MTcyNjA2NjAyOH0.fDqxfKvban3Jtllg0-PsirP38VMyIGU6XQFNVXzlZcI_CQ8fa0Z0cjuIn6aBhY5k-uMigy_cUKLM9aMfkh0eBKBCTo4dZjqYVs1Nwnz7HjZ3XUdkuIcCPkANMiwxPpi84i5__Ld1LgY1ge5Q8XN_eoxaGti9VhKnAm3jEnlxoNL1vDKSdAKWcMgQz7jqxUBWA3NRoquRxBwHxevLK8pL7pejcrGcV__A0YOYvV2za0K9v-vxre2imeKixTCT6RjSKqpxR7s3BlSmw_h9iwhfiM1h7D8Hvc6sdq1QGtmDBcvbekvBGmvYG-GrmNkLz7g2jrq7R8KmWDLwhuVDPvGCzw', 'expires_at': 1726066027.505804}.
2024-09-11 15:47:08,532 INFO     ___FILE_ONLY___ 
You are now logged in as [wojciech.chamski@stxnext.pl].
Your current project is [None].  You can change this setting by running:
  $ gcloud config set project PROJECT_ID

2024-09-11 15:47:08,532 DEBUG    root            Chosen display Format:none
2024-09-11 15:47:08,533 INFO     root            Display format: "none"
