2024-09-11 15:50:01,112 DEBUG    root            Loaded Command Group: ['gcloud', 'storage']
2024-09-11 15:50:01,113 DEBUG    root            Loaded Command Group: ['gcloud', 'storage', 'buckets']
2024-09-11 15:50:01,184 DEBUG    root            Loaded Command Group: ['gcloud', 'storage', 'buckets', 'list']
2024-09-11 15:50:01,185 DEBUG    root            Running [gcloud.storage.buckets.list] with arguments: []
2024-09-11 15:50:01,185 DEBUG    root            Chosen display Format:default
2024-09-11 15:50:01,185 INFO     root            Display format: "default"
2024-09-11 15:50:01,196 DEBUG    urllib3.connectionpool Starting new HTTPS connection (1): storage.googleapis.com:443
2024-09-11 15:50:01,726 DEBUG    urllib3.connectionpool https://storage.googleapis.com:443 "GET /storage/v1/b?alt=json&maxResults=1000&project=callisto-protocol-generator&projection=full HTTP/1.1" 200 1068
2024-09-11 15:50:01,739 INFO     ___FILE_ONLY___ ---
2024-09-11 15:50:01,741 INFO     ___FILE_ONLY___ 

2024-09-11 15:50:01,741 INFO     ___FILE_ONLY___ creation_time
2024-09-11 15:50:01,741 INFO     ___FILE_ONLY___ :
2024-09-11 15:50:01,741 INFO     ___FILE_ONLY___  
2024-09-11 15:50:01,741 INFO     ___FILE_ONLY___ 2024-09-05T12:45:20+0000
2024-09-11 15:50:01,741 INFO     ___FILE_ONLY___ 

2024-09-11 15:50:01,741 INFO     ___FILE_ONLY___ default_storage_class
2024-09-11 15:50:01,741 INFO     ___FILE_ONLY___ :
2024-09-11 15:50:01,741 INFO     ___FILE_ONLY___  
2024-09-11 15:50:01,741 INFO     ___FILE_ONLY___ STANDARD
2024-09-11 15:50:01,741 INFO     ___FILE_ONLY___ 

2024-09-11 15:50:01,741 INFO     ___FILE_ONLY___ location
2024-09-11 15:50:01,741 INFO     ___FILE_ONLY___ :
2024-09-11 15:50:01,741 INFO     ___FILE_ONLY___  
2024-09-11 15:50:01,741 INFO     ___FILE_ONLY___ EU
2024-09-11 15:50:01,741 INFO     ___FILE_ONLY___ 

2024-09-11 15:50:01,742 INFO     ___FILE_ONLY___ location_type
2024-09-11 15:50:01,742 INFO     ___FILE_ONLY___ :
2024-09-11 15:50:01,742 INFO     ___FILE_ONLY___  
2024-09-11 15:50:01,742 INFO     ___FILE_ONLY___ multi-region
2024-09-11 15:50:01,742 INFO     ___FILE_ONLY___ 

2024-09-11 15:50:01,742 INFO     ___FILE_ONLY___ metageneration
2024-09-11 15:50:01,742 INFO     ___FILE_ONLY___ :
2024-09-11 15:50:01,742 INFO     ___FILE_ONLY___  
2024-09-11 15:50:01,742 INFO     ___FILE_ONLY___ 1
2024-09-11 15:50:01,742 INFO     ___FILE_ONLY___ 

2024-09-11 15:50:01,742 INFO     ___FILE_ONLY___ name
2024-09-11 15:50:01,742 INFO     ___FILE_ONLY___ :
2024-09-11 15:50:01,742 INFO     ___FILE_ONLY___  
2024-09-11 15:50:01,742 INFO     ___FILE_ONLY___ asset-protocols
2024-09-11 15:50:01,742 INFO     ___FILE_ONLY___ 

2024-09-11 15:50:01,742 INFO     ___FILE_ONLY___ public_access_prevention
2024-09-11 15:50:01,742 INFO     ___FILE_ONLY___ :
2024-09-11 15:50:01,742 INFO     ___FILE_ONLY___  
2024-09-11 15:50:01,742 INFO     ___FILE_ONLY___ enforced
2024-09-11 15:50:01,742 INFO     ___FILE_ONLY___ 

2024-09-11 15:50:01,743 INFO     ___FILE_ONLY___ rpo
2024-09-11 15:50:01,743 INFO     ___FILE_ONLY___ :
2024-09-11 15:50:01,743 INFO     ___FILE_ONLY___  
2024-09-11 15:50:01,743 INFO     ___FILE_ONLY___ DEFAULT
2024-09-11 15:50:01,743 INFO     ___FILE_ONLY___ 

2024-09-11 15:50:01,743 INFO     ___FILE_ONLY___ soft_delete_policy
2024-09-11 15:50:01,743 INFO     ___FILE_ONLY___ :
2024-09-11 15:50:01,743 INFO     ___FILE_ONLY___ 

2024-09-11 15:50:01,743 INFO     ___FILE_ONLY___   
2024-09-11 15:50:01,743 INFO     ___FILE_ONLY___ effectiveTime
2024-09-11 15:50:01,743 INFO     ___FILE_ONLY___ :
2024-09-11 15:50:01,743 INFO     ___FILE_ONLY___  '
2024-09-11 15:50:01,743 INFO     ___FILE_ONLY___ 2024-09-05T12:45:20.442000+00:00
2024-09-11 15:50:01,743 INFO     ___FILE_ONLY___ '
2024-09-11 15:50:01,743 INFO     ___FILE_ONLY___ 

2024-09-11 15:50:01,743 INFO     ___FILE_ONLY___   
2024-09-11 15:50:01,743 INFO     ___FILE_ONLY___ retentionDurationSeconds
2024-09-11 15:50:01,743 INFO     ___FILE_ONLY___ :
2024-09-11 15:50:01,743 INFO     ___FILE_ONLY___  '
2024-09-11 15:50:01,743 INFO     ___FILE_ONLY___ 604800
2024-09-11 15:50:01,743 INFO     ___FILE_ONLY___ '
2024-09-11 15:50:01,743 INFO     ___FILE_ONLY___ 

2024-09-11 15:50:01,743 INFO     ___FILE_ONLY___ storage_url
2024-09-11 15:50:01,743 INFO     ___FILE_ONLY___ :
2024-09-11 15:50:01,744 INFO     ___FILE_ONLY___  
2024-09-11 15:50:01,744 INFO     ___FILE_ONLY___ gs://asset-protocols/
2024-09-11 15:50:01,744 INFO     ___FILE_ONLY___ 

2024-09-11 15:50:01,744 INFO     ___FILE_ONLY___ uniform_bucket_level_access
2024-09-11 15:50:01,744 INFO     ___FILE_ONLY___ :
2024-09-11 15:50:01,744 INFO     ___FILE_ONLY___  
2024-09-11 15:50:01,744 INFO     ___FILE_ONLY___ true
2024-09-11 15:50:01,744 INFO     ___FILE_ONLY___ 

2024-09-11 15:50:01,744 INFO     ___FILE_ONLY___ update_time
2024-09-11 15:50:01,744 INFO     ___FILE_ONLY___ :
2024-09-11 15:50:01,744 INFO     ___FILE_ONLY___  
2024-09-11 15:50:01,744 INFO     ___FILE_ONLY___ 2024-09-05T12:45:20+0000
2024-09-11 15:50:01,744 INFO     ___FILE_ONLY___ 

