2024-09-30 11:25:06,555 DEBUG    root            Loaded Command Group: ['gcloud', 'storage']
2024-09-30 11:25:06,555 ERROR    root            (gcloud.storage) Command name argument expected.
2024-09-30 11:25:06,585 DEBUG    root            No implementation for release track [GA] for element: [/opt/homebrew/share/google-cloud-sdk/lib/surface/storage/copy]
2024-09-30 11:25:06,649 DEBUG    root            Loaded Command Group: ['gcloud', 'storage', 'hash']
2024-09-30 11:25:06,651 DEBUG    root            No implementation for release track [GA] for element: [/opt/homebrew/share/google-cloud-sdk/lib/surface/storage/folders]
2024-09-30 11:25:06,651 DEBUG    root            Loaded Command Group: ['gcloud', 'storage', 'buckets']
2024-09-30 11:25:06,689 DEBUG    root            Loaded Command Group: ['gcloud', 'storage', 'rsync']
2024-09-30 11:25:06,703 DEBUG    root            Loaded Command Group: ['gcloud', 'storage', 'service_agent']
2024-09-30 11:25:06,716 DEBUG    root            No implementation for release track [GA] for element: [/opt/homebrew/share/google-cloud-sdk/lib/surface/storage/diagnose]
2024-09-30 11:25:06,717 DEBUG    root            Loaded Command Group: ['gcloud', 'storage', 'rm']
2024-09-30 11:25:06,719 DEBUG    root            Loaded Command Group: ['gcloud', 'storage', 'restore']
2024-09-30 11:25:06,720 DEBUG    root            Loaded Command Group: ['gcloud', 'storage', 'managed_folders']
2024-09-30 11:25:06,723 DEBUG    root            Loaded Command Group: ['gcloud', 'storage', 'sign_url']
2024-09-30 11:25:06,723 DEBUG    root            Loaded Command Group: ['gcloud', 'storage', 'mv']
2024-09-30 11:25:06,725 DEBUG    root            No implementation for release track [GA] for element: [/opt/homebrew/share/google-cloud-sdk/lib/surface/storage/list]
2024-09-30 11:25:06,726 DEBUG    root            Loaded Command Group: ['gcloud', 'storage', 'objects']
2024-09-30 11:25:06,727 DEBUG    root            Loaded Command Group: ['gcloud', 'storage', 'cat']
2024-09-30 11:25:06,728 DEBUG    root            Loaded Command Group: ['gcloud', 'storage', 'hmac']
2024-09-30 11:25:06,729 DEBUG    root            No implementation for release track [GA] for element: [/opt/homebrew/share/google-cloud-sdk/lib/surface/storage/delete]
2024-09-30 11:25:06,730 DEBUG    root            Loaded Command Group: ['gcloud', 'storage', 'operations']
2024-09-30 11:25:06,730 DEBUG    root            Loaded Command Group: ['gcloud', 'storage', 'cp']
2024-09-30 11:25:06,731 DEBUG    root            Loaded Command Group: ['gcloud', 'storage', 'insights']
2024-09-30 11:25:06,734 DEBUG    root            Loaded Command Group: ['gcloud', 'storage', 'du']
2024-09-30 11:25:06,734 DEBUG    root            Loaded Command Group: ['gcloud', 'storage', 'ls']
2024-09-30 11:25:06,735 DEBUG    root            Chosen display Format:table[no-heading,margin=6,width=80]([0]:label='':align=left:width=22,[1]:label='':align=left:wrap)
2024-09-30 11:25:06,744 DEBUG    root            Chosen display Format:table[no-heading,margin=6,width=80]([0]:label='':align=left:width=22,[1]:label='':align=left:wrap)
